2025-05-12 18:01:49,616 - INFO - Starting prediction on data.
2025-05-12 18:01:49,708 - INFO - Prediction completed successfully.
2025-05-12 18:01:50,770 - INFO - Starting inference pipeline.
2025-05-12 18:01:50,775 - INFO - Data preprocessing completed.
2025-05-12 18:01:50,776 - INFO - Data scaling completed.
2025-05-12 18:01:50,776 - INFO - Starting prediction on data.
2025-05-12 18:01:50,782 - INFO - Prediction completed successfully.
2025-05-12 18:01:50,783 - INFO - Inference completed successfully.
2025-05-12 18:03:30,869 - INFO - Starting prediction on data.
2025-05-12 18:03:30,952 - INFO - Prediction completed successfully.
2025-05-12 18:03:32,010 - INFO - Starting inference pipeline.
2025-05-12 18:03:32,014 - INFO - Data preprocessing completed.
2025-05-12 18:03:32,016 - INFO - Data scaling completed.
2025-05-12 18:03:32,016 - INFO - Starting prediction on data.
2025-05-12 18:03:32,022 - INFO - Prediction completed successfully.
2025-05-12 18:03:32,023 - INFO - Inference completed successfully.
2025-05-12 18:04:38,655 - INFO - Starting prediction on data.
2025-05-12 18:04:38,737 - INFO - Prediction completed successfully.
2025-05-12 18:04:39,810 - INFO - Starting inference pipeline.
2025-05-12 18:04:39,818 - INFO - Data preprocessing completed.
2025-05-12 18:04:39,819 - INFO - Data scaling completed.
2025-05-12 18:04:39,819 - INFO - Starting prediction on data.
2025-05-12 18:04:39,824 - INFO - Prediction completed successfully.
2025-05-12 18:04:39,825 - INFO - Inference completed successfully.
2025-05-12 18:07:52,785 - INFO - Starting prediction on data.
2025-05-12 18:07:52,866 - INFO - Prediction completed successfully.
2025-05-12 18:07:53,917 - INFO - Starting inference pipeline.
2025-05-12 18:07:53,921 - INFO - Data preprocessing completed.
2025-05-12 18:07:53,922 - INFO - Data scaling completed.
2025-05-12 18:07:53,922 - INFO - Starting prediction on data.
2025-05-12 18:07:53,928 - INFO - Prediction completed successfully.
2025-05-12 18:07:53,928 - INFO - Inference completed successfully.
2025-05-12 18:11:18,006 - INFO - Starting prediction on data.
2025-05-12 18:11:18,087 - INFO - Prediction completed successfully.
2025-05-12 18:11:19,141 - INFO - Starting inference pipeline.
2025-05-12 18:11:19,146 - INFO - Data preprocessing completed.
2025-05-12 18:11:19,148 - INFO - Data scaling completed.
2025-05-12 18:11:19,148 - INFO - Starting prediction on data.
2025-05-12 18:11:19,153 - INFO - Prediction completed successfully.
2025-05-12 18:11:19,153 - INFO - Inference completed successfully.
2025-05-12 18:15:33,890 - INFO - Starting prediction on data.
2025-05-12 18:15:33,971 - INFO - Prediction completed successfully.
2025-05-12 18:15:35,009 - INFO - Starting inference pipeline.
2025-05-12 18:15:35,013 - INFO - Data preprocessing completed.
2025-05-12 18:15:35,015 - INFO - Data scaling completed.
2025-05-12 18:15:35,015 - INFO - Starting prediction on data.
2025-05-12 18:15:35,020 - INFO - Prediction completed successfully.
2025-05-12 18:15:35,020 - INFO - Inference completed successfully.
2025-05-12 18:31:05,612 - INFO - Starting inference pipeline.
2025-05-12 18:31:05,617 - INFO - Data preprocessing completed.
2025-05-12 18:31:05,620 - INFO - Data scaling completed.
2025-05-12 18:31:05,620 - INFO - Starting prediction on data.
2025-05-12 18:31:05,627 - INFO - Prediction completed successfully.
2025-05-12 18:31:05,627 - INFO - Inference completed successfully.
2025-05-12 21:45:18,323 - INFO - Starting prediction on data.
2025-05-12 21:45:18,406 - INFO - Prediction completed successfully.
2025-05-12 21:53:30,480 - INFO - Starting prediction on data.
2025-05-12 21:53:30,562 - INFO - Prediction completed successfully.
2025-05-12 22:05:59,307 - INFO - Starting prediction on data.
2025-05-12 22:05:59,388 - INFO - Prediction completed successfully.
2025-05-12 22:06:40,675 - INFO - Starting prediction on data.
2025-05-12 22:06:40,762 - INFO - Prediction completed successfully.
2025-05-12 22:12:18,310 - INFO - Starting prediction on data.
2025-05-12 22:12:18,438 - INFO - Prediction completed successfully.
2025-05-12 22:13:51,410 - INFO - Starting prediction on data.
2025-05-12 22:13:51,493 - INFO - Prediction completed successfully.
2025-05-13 15:23:58,626 - INFO - Starting inference pipeline.
2025-05-13 15:23:58,632 - INFO - Data preprocessing completed.
2025-05-13 15:23:58,634 - INFO - Data scaling completed.
2025-05-13 15:23:58,634 - INFO - Starting prediction on data.
2025-05-13 15:23:58,640 - INFO - Prediction completed successfully.
2025-05-13 15:23:58,640 - INFO - Inference completed successfully.
2025-05-13 15:23:59,604 - INFO - Starting inference pipeline.
2025-05-13 15:23:59,612 - INFO - Data preprocessing completed.
2025-05-13 15:23:59,614 - INFO - Data scaling completed.
2025-05-13 15:23:59,614 - INFO - Starting prediction on data.
2025-05-13 15:23:59,616 - INFO - Prediction completed successfully.
2025-05-13 15:23:59,616 - INFO - Inference completed successfully.
2025-05-13 15:24:00,604 - INFO - Starting inference pipeline.
2025-05-13 15:24:00,612 - INFO - Data preprocessing completed.
2025-05-13 15:24:00,614 - INFO - Data scaling completed.
2025-05-13 15:24:00,614 - INFO - Starting prediction on data.
2025-05-13 15:24:00,616 - INFO - Prediction completed successfully.
2025-05-13 15:24:00,616 - INFO - Inference completed successfully.
2025-05-13 15:24:01,604 - INFO - Starting inference pipeline.
2025-05-13 15:24:01,611 - INFO - Data preprocessing completed.
2025-05-13 15:24:01,612 - INFO - Data scaling completed.
2025-05-13 15:24:01,612 - INFO - Starting prediction on data.
2025-05-13 15:24:01,613 - INFO - Prediction completed successfully.
2025-05-13 15:24:01,613 - INFO - Inference completed successfully.
2025-05-13 15:24:02,603 - INFO - Starting inference pipeline.
2025-05-13 15:24:02,608 - INFO - Data preprocessing completed.
2025-05-13 15:24:02,609 - INFO - Data scaling completed.
2025-05-13 15:24:02,609 - INFO - Starting prediction on data.
2025-05-13 15:24:02,610 - INFO - Prediction completed successfully.
2025-05-13 15:24:02,610 - INFO - Inference completed successfully.
2025-05-13 15:24:03,606 - INFO - Starting inference pipeline.
2025-05-13 15:24:03,622 - INFO - Data preprocessing completed.
2025-05-13 15:24:03,624 - INFO - Data scaling completed.
2025-05-13 15:24:03,624 - INFO - Starting prediction on data.
2025-05-13 15:24:03,625 - INFO - Prediction completed successfully.
2025-05-13 15:24:03,625 - INFO - Inference completed successfully.
2025-05-13 15:24:04,607 - INFO - Starting inference pipeline.
2025-05-13 15:24:04,616 - INFO - Data preprocessing completed.
2025-05-13 15:24:04,619 - INFO - Data scaling completed.
2025-05-13 15:24:04,619 - INFO - Starting prediction on data.
2025-05-13 15:24:04,621 - INFO - Prediction completed successfully.
2025-05-13 15:24:04,621 - INFO - Inference completed successfully.
2025-05-13 15:24:05,608 - INFO - Starting inference pipeline.
2025-05-13 15:24:05,614 - INFO - Data preprocessing completed.
2025-05-13 15:24:05,615 - INFO - Data scaling completed.
2025-05-13 15:24:05,616 - INFO - Starting prediction on data.
2025-05-13 15:24:05,617 - INFO - Prediction completed successfully.
2025-05-13 15:24:05,617 - INFO - Inference completed successfully.
2025-05-13 15:24:06,609 - INFO - Starting inference pipeline.
2025-05-13 15:24:06,618 - INFO - Data preprocessing completed.
2025-05-13 15:24:06,620 - INFO - Data scaling completed.
2025-05-13 15:24:06,620 - INFO - Starting prediction on data.
2025-05-13 15:24:06,622 - INFO - Prediction completed successfully.
2025-05-13 15:24:06,622 - INFO - Inference completed successfully.
2025-05-13 15:24:07,609 - INFO - Starting inference pipeline.
2025-05-13 15:24:07,620 - INFO - Data preprocessing completed.
2025-05-13 15:24:07,622 - INFO - Data scaling completed.
2025-05-13 15:24:07,622 - INFO - Starting prediction on data.
2025-05-13 15:24:07,623 - INFO - Prediction completed successfully.
2025-05-13 15:24:07,623 - INFO - Inference completed successfully.
2025-05-13 15:24:08,611 - INFO - Starting inference pipeline.
2025-05-13 15:24:08,624 - INFO - Data preprocessing completed.
2025-05-13 15:24:08,625 - INFO - Data scaling completed.
2025-05-13 15:24:08,625 - INFO - Starting prediction on data.
2025-05-13 15:24:08,627 - INFO - Prediction completed successfully.
2025-05-13 15:24:08,627 - INFO - Inference completed successfully.
2025-05-13 15:24:09,611 - INFO - Starting inference pipeline.
2025-05-13 15:24:09,618 - INFO - Data preprocessing completed.
2025-05-13 15:24:09,620 - INFO - Data scaling completed.
2025-05-13 15:24:09,620 - INFO - Starting prediction on data.
2025-05-13 15:24:09,622 - INFO - Prediction completed successfully.
2025-05-13 15:24:09,622 - INFO - Inference completed successfully.
2025-05-13 15:24:10,612 - INFO - Starting inference pipeline.
2025-05-13 15:24:10,617 - INFO - Data preprocessing completed.
2025-05-13 15:24:10,620 - INFO - Data scaling completed.
2025-05-13 15:24:10,621 - INFO - Starting prediction on data.
2025-05-13 15:24:10,622 - INFO - Prediction completed successfully.
2025-05-13 15:24:10,622 - INFO - Inference completed successfully.
2025-05-13 15:24:11,613 - INFO - Starting inference pipeline.
2025-05-13 15:24:11,622 - INFO - Data preprocessing completed.
2025-05-13 15:24:11,624 - INFO - Data scaling completed.
2025-05-13 15:24:11,625 - INFO - Starting prediction on data.
2025-05-13 15:24:11,626 - INFO - Prediction completed successfully.
2025-05-13 15:24:11,626 - INFO - Inference completed successfully.
2025-05-13 15:24:12,613 - INFO - Starting inference pipeline.
2025-05-13 15:24:12,619 - INFO - Data preprocessing completed.
2025-05-13 15:24:12,621 - INFO - Data scaling completed.
2025-05-13 15:24:12,621 - INFO - Starting prediction on data.
2025-05-13 15:24:12,623 - INFO - Prediction completed successfully.
2025-05-13 15:24:12,623 - INFO - Inference completed successfully.
2025-05-13 15:24:13,614 - INFO - Starting inference pipeline.
2025-05-13 15:24:13,630 - INFO - Data preprocessing completed.
2025-05-13 15:24:13,632 - INFO - Data scaling completed.
2025-05-13 15:24:13,632 - INFO - Starting prediction on data.
2025-05-13 15:24:13,635 - INFO - Prediction completed successfully.
2025-05-13 15:24:13,635 - INFO - Inference completed successfully.
2025-05-13 15:24:14,615 - INFO - Starting inference pipeline.
2025-05-13 15:24:14,622 - INFO - Data preprocessing completed.
2025-05-13 15:24:14,625 - INFO - Data scaling completed.
2025-05-13 15:24:14,625 - INFO - Starting prediction on data.
2025-05-13 15:24:14,627 - INFO - Prediction completed successfully.
2025-05-13 15:24:14,627 - INFO - Inference completed successfully.
2025-05-13 15:24:15,616 - INFO - Starting inference pipeline.
2025-05-13 15:24:15,622 - INFO - Data preprocessing completed.
2025-05-13 15:24:15,624 - INFO - Data scaling completed.
2025-05-13 15:24:15,624 - INFO - Starting prediction on data.
2025-05-13 15:24:15,626 - INFO - Prediction completed successfully.
2025-05-13 15:24:15,626 - INFO - Inference completed successfully.
2025-05-13 15:24:16,617 - INFO - Starting inference pipeline.
2025-05-13 15:24:16,624 - INFO - Data preprocessing completed.
2025-05-13 15:24:16,627 - INFO - Data scaling completed.
2025-05-13 15:24:16,627 - INFO - Starting prediction on data.
2025-05-13 15:24:16,628 - INFO - Prediction completed successfully.
2025-05-13 15:24:16,629 - INFO - Inference completed successfully.
2025-05-13 15:24:17,617 - INFO - Starting inference pipeline.
2025-05-13 15:24:17,628 - INFO - Data preprocessing completed.
2025-05-13 15:24:17,631 - INFO - Data scaling completed.
2025-05-13 15:24:17,631 - INFO - Starting prediction on data.
2025-05-13 15:24:17,633 - INFO - Prediction completed successfully.
2025-05-13 15:24:17,633 - INFO - Inference completed successfully.
2025-05-13 15:24:18,618 - INFO - Starting inference pipeline.
2025-05-13 15:24:18,623 - INFO - Data preprocessing completed.
2025-05-13 15:24:18,625 - INFO - Data scaling completed.
2025-05-13 15:24:18,625 - INFO - Starting prediction on data.
2025-05-13 15:24:18,626 - INFO - Prediction completed successfully.
2025-05-13 15:24:18,626 - INFO - Inference completed successfully.
2025-05-13 15:24:19,618 - INFO - Starting inference pipeline.
2025-05-13 15:24:19,628 - INFO - Data preprocessing completed.
2025-05-13 15:24:19,632 - INFO - Data scaling completed.
2025-05-13 15:24:19,632 - INFO - Starting prediction on data.
2025-05-13 15:24:19,633 - INFO - Prediction completed successfully.
2025-05-13 15:24:19,633 - INFO - Inference completed successfully.
2025-05-13 15:24:20,619 - INFO - Starting inference pipeline.
2025-05-13 15:24:20,625 - INFO - Data preprocessing completed.
2025-05-13 15:24:20,626 - INFO - Data scaling completed.
2025-05-13 15:24:20,627 - INFO - Starting prediction on data.
2025-05-13 15:24:20,629 - INFO - Prediction completed successfully.
2025-05-13 15:24:20,630 - INFO - Inference completed successfully.
2025-05-13 15:24:21,620 - INFO - Starting inference pipeline.
2025-05-13 15:24:21,626 - INFO - Data preprocessing completed.
2025-05-13 15:24:21,628 - INFO - Data scaling completed.
2025-05-13 15:24:21,628 - INFO - Starting prediction on data.
2025-05-13 15:24:21,629 - INFO - Prediction completed successfully.
2025-05-13 15:24:21,629 - INFO - Inference completed successfully.
2025-05-13 15:24:22,618 - INFO - Starting inference pipeline.
2025-05-13 15:24:22,622 - INFO - Data preprocessing completed.
2025-05-13 15:24:22,624 - INFO - Data scaling completed.
2025-05-13 15:24:22,624 - INFO - Starting prediction on data.
2025-05-13 15:24:22,625 - INFO - Prediction completed successfully.
2025-05-13 15:24:22,625 - INFO - Inference completed successfully.
2025-05-13 15:24:23,621 - INFO - Starting inference pipeline.
2025-05-13 15:24:23,639 - INFO - Data preprocessing completed.
2025-05-13 15:24:23,640 - INFO - Data scaling completed.
2025-05-13 15:24:23,640 - INFO - Starting prediction on data.
2025-05-13 15:24:23,644 - INFO - Prediction completed successfully.
2025-05-13 15:24:23,645 - INFO - Inference completed successfully.
2025-05-13 15:24:24,622 - INFO - Starting inference pipeline.
2025-05-13 15:24:24,635 - INFO - Data preprocessing completed.
2025-05-13 15:24:24,637 - INFO - Data scaling completed.
2025-05-13 15:24:24,638 - INFO - Starting prediction on data.
2025-05-13 15:24:24,639 - INFO - Prediction completed successfully.
2025-05-13 15:24:24,639 - INFO - Inference completed successfully.
2025-05-13 15:24:25,623 - INFO - Starting inference pipeline.
2025-05-13 15:24:25,630 - INFO - Data preprocessing completed.
2025-05-13 15:24:25,632 - INFO - Data scaling completed.
2025-05-13 15:24:25,633 - INFO - Starting prediction on data.
2025-05-13 15:24:25,634 - INFO - Prediction completed successfully.
2025-05-13 15:24:25,634 - INFO - Inference completed successfully.
2025-05-13 15:24:26,623 - INFO - Starting inference pipeline.
2025-05-13 15:24:26,630 - INFO - Data preprocessing completed.
2025-05-13 15:24:26,631 - INFO - Data scaling completed.
2025-05-13 15:24:26,631 - INFO - Starting prediction on data.
2025-05-13 15:24:26,632 - INFO - Prediction completed successfully.
2025-05-13 15:24:26,632 - INFO - Inference completed successfully.
2025-05-13 15:24:27,624 - INFO - Starting inference pipeline.
2025-05-13 15:24:27,634 - INFO - Data preprocessing completed.
2025-05-13 15:24:27,637 - INFO - Data scaling completed.
2025-05-13 15:24:27,637 - INFO - Starting prediction on data.
2025-05-13 15:24:27,638 - INFO - Prediction completed successfully.
2025-05-13 15:24:27,638 - INFO - Inference completed successfully.
2025-05-13 15:24:28,626 - INFO - Starting inference pipeline.
2025-05-13 15:24:28,637 - INFO - Data preprocessing completed.
2025-05-13 15:24:28,638 - INFO - Data scaling completed.
2025-05-13 15:24:28,638 - INFO - Starting prediction on data.
2025-05-13 15:24:28,639 - INFO - Prediction completed successfully.
2025-05-13 15:24:28,639 - INFO - Inference completed successfully.
2025-05-13 15:24:29,625 - INFO - Starting inference pipeline.
2025-05-13 15:24:29,639 - INFO - Data preprocessing completed.
2025-05-13 15:24:29,640 - INFO - Data scaling completed.
2025-05-13 15:24:29,640 - INFO - Starting prediction on data.
2025-05-13 15:24:29,641 - INFO - Prediction completed successfully.
2025-05-13 15:24:29,641 - INFO - Inference completed successfully.
2025-05-13 15:24:30,626 - INFO - Starting inference pipeline.
2025-05-13 15:24:30,640 - INFO - Data preprocessing completed.
2025-05-13 15:24:30,641 - INFO - Data scaling completed.
2025-05-13 15:24:30,641 - INFO - Starting prediction on data.
2025-05-13 15:24:30,642 - INFO - Prediction completed successfully.
2025-05-13 15:24:30,642 - INFO - Inference completed successfully.
2025-05-13 15:24:31,626 - INFO - Starting inference pipeline.
2025-05-13 15:24:31,644 - INFO - Data preprocessing completed.
2025-05-13 15:24:31,653 - INFO - Data scaling completed.
2025-05-13 15:24:31,653 - INFO - Starting prediction on data.
2025-05-13 15:24:31,654 - INFO - Prediction completed successfully.
2025-05-13 15:24:31,655 - INFO - Inference completed successfully.
2025-05-13 15:24:32,627 - INFO - Starting inference pipeline.
2025-05-13 15:24:32,641 - INFO - Data preprocessing completed.
2025-05-13 15:24:32,642 - INFO - Data scaling completed.
2025-05-13 15:24:32,642 - INFO - Starting prediction on data.
2025-05-13 15:24:32,643 - INFO - Prediction completed successfully.
2025-05-13 15:24:32,643 - INFO - Inference completed successfully.
2025-05-13 15:24:33,627 - INFO - Starting inference pipeline.
2025-05-13 15:24:33,642 - INFO - Data preprocessing completed.
2025-05-13 15:24:33,643 - INFO - Data scaling completed.
2025-05-13 15:24:33,643 - INFO - Starting prediction on data.
2025-05-13 15:24:33,644 - INFO - Prediction completed successfully.
2025-05-13 15:24:33,644 - INFO - Inference completed successfully.
2025-05-13 15:24:34,629 - INFO - Starting inference pipeline.
2025-05-13 15:24:34,642 - INFO - Data preprocessing completed.
2025-05-13 15:24:34,643 - INFO - Data scaling completed.
2025-05-13 15:24:34,643 - INFO - Starting prediction on data.
2025-05-13 15:24:34,644 - INFO - Prediction completed successfully.
2025-05-13 15:24:34,644 - INFO - Inference completed successfully.
2025-05-13 15:24:35,629 - INFO - Starting inference pipeline.
2025-05-13 15:24:35,643 - INFO - Data preprocessing completed.
2025-05-13 15:24:35,644 - INFO - Data scaling completed.
2025-05-13 15:24:35,644 - INFO - Starting prediction on data.
2025-05-13 15:24:35,645 - INFO - Prediction completed successfully.
2025-05-13 15:24:35,645 - INFO - Inference completed successfully.
2025-05-13 15:24:36,629 - INFO - Starting inference pipeline.
2025-05-13 15:24:36,650 - INFO - Data preprocessing completed.
2025-05-13 15:24:36,653 - INFO - Data scaling completed.
2025-05-13 15:24:36,654 - INFO - Starting prediction on data.
2025-05-13 15:24:36,655 - INFO - Prediction completed successfully.
2025-05-13 15:24:36,655 - INFO - Inference completed successfully.
2025-05-13 15:24:37,651 - INFO - Starting inference pipeline.
2025-05-13 15:24:37,674 - INFO - Data preprocessing completed.
2025-05-13 15:24:37,687 - INFO - Data scaling completed.
2025-05-13 15:24:37,688 - INFO - Starting prediction on data.
2025-05-13 15:24:37,697 - INFO - Prediction completed successfully.
2025-05-13 15:24:37,698 - INFO - Inference completed successfully.
2025-05-13 15:24:38,639 - INFO - Starting inference pipeline.
2025-05-13 15:24:38,661 - INFO - Data preprocessing completed.
2025-05-13 15:24:38,665 - INFO - Data scaling completed.
2025-05-13 15:24:38,665 - INFO - Starting prediction on data.
2025-05-13 15:24:38,668 - INFO - Prediction completed successfully.
2025-05-13 15:24:38,668 - INFO - Inference completed successfully.
2025-05-13 15:24:39,641 - INFO - Starting inference pipeline.
2025-05-13 15:24:39,651 - INFO - Data preprocessing completed.
2025-05-13 15:24:39,656 - INFO - Data scaling completed.
2025-05-13 15:24:39,656 - INFO - Starting prediction on data.
2025-05-13 15:24:39,659 - INFO - Prediction completed successfully.
2025-05-13 15:24:39,660 - INFO - Inference completed successfully.
2025-05-13 15:24:40,641 - INFO - Starting inference pipeline.
2025-05-13 15:24:40,657 - INFO - Data preprocessing completed.
2025-05-13 15:24:40,660 - INFO - Data scaling completed.
2025-05-13 15:24:40,660 - INFO - Starting prediction on data.
2025-05-13 15:24:40,661 - INFO - Prediction completed successfully.
2025-05-13 15:24:40,661 - INFO - Inference completed successfully.
2025-05-13 15:24:41,642 - INFO - Starting inference pipeline.
2025-05-13 15:24:41,655 - INFO - Data preprocessing completed.
2025-05-13 15:24:41,658 - INFO - Data scaling completed.
2025-05-13 15:24:41,658 - INFO - Starting prediction on data.
2025-05-13 15:24:41,659 - INFO - Prediction completed successfully.
2025-05-13 15:24:41,660 - INFO - Inference completed successfully.
2025-05-13 15:24:42,643 - INFO - Starting inference pipeline.
2025-05-13 15:24:42,657 - INFO - Data preprocessing completed.
2025-05-13 15:24:42,659 - INFO - Data scaling completed.
2025-05-13 15:24:42,659 - INFO - Starting prediction on data.
2025-05-13 15:24:42,660 - INFO - Prediction completed successfully.
2025-05-13 15:24:42,660 - INFO - Inference completed successfully.
2025-05-13 15:24:43,643 - INFO - Starting inference pipeline.
2025-05-13 15:24:43,657 - INFO - Data preprocessing completed.
2025-05-13 15:24:43,659 - INFO - Data scaling completed.
2025-05-13 15:24:43,659 - INFO - Starting prediction on data.
2025-05-13 15:24:43,660 - INFO - Prediction completed successfully.
2025-05-13 15:24:43,661 - INFO - Inference completed successfully.
2025-05-13 15:24:44,644 - INFO - Starting inference pipeline.
2025-05-13 15:24:44,659 - INFO - Data preprocessing completed.
2025-05-13 15:24:44,661 - INFO - Data scaling completed.
2025-05-13 15:24:44,661 - INFO - Starting prediction on data.
2025-05-13 15:24:44,662 - INFO - Prediction completed successfully.
2025-05-13 15:24:44,662 - INFO - Inference completed successfully.
2025-05-13 15:24:45,645 - INFO - Starting inference pipeline.
2025-05-13 15:24:45,659 - INFO - Data preprocessing completed.
2025-05-13 15:24:45,660 - INFO - Data scaling completed.
2025-05-13 15:24:45,660 - INFO - Starting prediction on data.
2025-05-13 15:24:45,662 - INFO - Prediction completed successfully.
2025-05-13 15:24:45,662 - INFO - Inference completed successfully.
2025-05-13 15:24:46,645 - INFO - Starting inference pipeline.
2025-05-13 15:24:46,659 - INFO - Data preprocessing completed.
2025-05-13 15:24:46,660 - INFO - Data scaling completed.
2025-05-13 15:24:46,660 - INFO - Starting prediction on data.
2025-05-13 15:24:46,661 - INFO - Prediction completed successfully.
2025-05-13 15:24:46,661 - INFO - Inference completed successfully.
2025-05-13 15:24:47,645 - INFO - Starting inference pipeline.
2025-05-13 15:24:47,658 - INFO - Data preprocessing completed.
2025-05-13 15:24:47,659 - INFO - Data scaling completed.
2025-05-13 15:24:47,659 - INFO - Starting prediction on data.
2025-05-13 15:24:47,660 - INFO - Prediction completed successfully.
2025-05-13 15:24:47,661 - INFO - Inference completed successfully.
2025-05-13 15:24:48,647 - INFO - Starting inference pipeline.
2025-05-13 15:24:48,661 - INFO - Data preprocessing completed.
2025-05-13 15:24:48,663 - INFO - Data scaling completed.
2025-05-13 15:24:48,663 - INFO - Starting prediction on data.
2025-05-13 15:24:48,664 - INFO - Prediction completed successfully.
2025-05-13 15:24:48,664 - INFO - Inference completed successfully.
2025-05-13 15:24:49,648 - INFO - Starting inference pipeline.
2025-05-13 15:24:49,661 - INFO - Data preprocessing completed.
2025-05-13 15:24:49,663 - INFO - Data scaling completed.
2025-05-13 15:24:49,663 - INFO - Starting prediction on data.
2025-05-13 15:24:49,664 - INFO - Prediction completed successfully.
2025-05-13 15:24:49,664 - INFO - Inference completed successfully.
2025-05-13 15:24:50,649 - INFO - Starting inference pipeline.
2025-05-13 15:24:50,664 - INFO - Data preprocessing completed.
2025-05-13 15:24:50,666 - INFO - Data scaling completed.
2025-05-13 15:24:50,666 - INFO - Starting prediction on data.
2025-05-13 15:24:50,670 - INFO - Prediction completed successfully.
2025-05-13 15:24:50,670 - INFO - Inference completed successfully.
2025-05-13 15:24:51,649 - INFO - Starting inference pipeline.
2025-05-13 15:24:51,664 - INFO - Data preprocessing completed.
2025-05-13 15:24:51,665 - INFO - Data scaling completed.
2025-05-13 15:24:51,665 - INFO - Starting prediction on data.
2025-05-13 15:24:51,667 - INFO - Prediction completed successfully.
2025-05-13 15:24:51,667 - INFO - Inference completed successfully.
2025-05-13 15:24:52,650 - INFO - Starting inference pipeline.
2025-05-13 15:24:52,664 - INFO - Data preprocessing completed.
2025-05-13 15:24:52,665 - INFO - Data scaling completed.
2025-05-13 15:24:52,665 - INFO - Starting prediction on data.
2025-05-13 15:24:52,666 - INFO - Prediction completed successfully.
2025-05-13 15:24:52,666 - INFO - Inference completed successfully.
2025-05-13 15:24:53,649 - INFO - Starting inference pipeline.
2025-05-13 15:24:53,661 - INFO - Data preprocessing completed.
2025-05-13 15:24:53,663 - INFO - Data scaling completed.
2025-05-13 15:24:53,663 - INFO - Starting prediction on data.
2025-05-13 15:24:53,664 - INFO - Prediction completed successfully.
2025-05-13 15:24:53,664 - INFO - Inference completed successfully.
2025-05-13 15:24:54,657 - INFO - Starting inference pipeline.
2025-05-13 15:24:54,667 - INFO - Data preprocessing completed.
2025-05-13 15:24:54,673 - INFO - Data scaling completed.
2025-05-13 15:24:54,674 - INFO - Starting prediction on data.
2025-05-13 15:24:54,677 - INFO - Prediction completed successfully.
2025-05-13 15:24:54,677 - INFO - Inference completed successfully.
2025-05-13 15:24:55,650 - INFO - Starting inference pipeline.
2025-05-13 15:24:55,662 - INFO - Data preprocessing completed.
2025-05-13 15:24:55,663 - INFO - Data scaling completed.
2025-05-13 15:24:55,664 - INFO - Starting prediction on data.
2025-05-13 15:24:55,665 - INFO - Prediction completed successfully.
2025-05-13 15:24:55,665 - INFO - Inference completed successfully.
2025-05-13 15:24:56,658 - INFO - Starting inference pipeline.
2025-05-13 15:24:56,667 - INFO - Data preprocessing completed.
2025-05-13 15:24:56,671 - INFO - Data scaling completed.
2025-05-13 15:24:56,672 - INFO - Starting prediction on data.
2025-05-13 15:24:56,675 - INFO - Prediction completed successfully.
2025-05-13 15:24:56,675 - INFO - Inference completed successfully.
2025-05-13 15:24:57,652 - INFO - Starting inference pipeline.
2025-05-13 15:24:57,668 - INFO - Data preprocessing completed.
2025-05-13 15:24:57,676 - INFO - Data scaling completed.
2025-05-13 15:24:57,676 - INFO - Starting prediction on data.
2025-05-13 15:24:57,677 - INFO - Prediction completed successfully.
2025-05-13 15:24:57,677 - INFO - Inference completed successfully.
2025-05-13 15:24:58,652 - INFO - Starting inference pipeline.
2025-05-13 15:24:58,666 - INFO - Data preprocessing completed.
2025-05-13 15:24:58,667 - INFO - Data scaling completed.
2025-05-13 15:24:58,667 - INFO - Starting prediction on data.
2025-05-13 15:24:58,669 - INFO - Prediction completed successfully.
2025-05-13 15:24:58,671 - INFO - Inference completed successfully.
2025-05-13 15:24:59,661 - INFO - Starting inference pipeline.
2025-05-13 15:24:59,667 - INFO - Data preprocessing completed.
2025-05-13 15:24:59,668 - INFO - Data scaling completed.
2025-05-13 15:24:59,668 - INFO - Starting prediction on data.
2025-05-13 15:24:59,674 - INFO - Prediction completed successfully.
2025-05-13 15:24:59,675 - INFO - Inference completed successfully.
2025-05-13 15:25:00,658 - INFO - Starting inference pipeline.
2025-05-13 15:25:00,666 - INFO - Data preprocessing completed.
2025-05-13 15:25:00,667 - INFO - Data scaling completed.
2025-05-13 15:25:00,667 - INFO - Starting prediction on data.
2025-05-13 15:25:00,668 - INFO - Prediction completed successfully.
2025-05-13 15:25:00,668 - INFO - Inference completed successfully.
2025-05-13 15:25:01,658 - INFO - Starting inference pipeline.
2025-05-13 15:25:01,667 - INFO - Data preprocessing completed.
2025-05-13 15:25:01,669 - INFO - Data scaling completed.
2025-05-13 15:25:01,669 - INFO - Starting prediction on data.
2025-05-13 15:25:01,672 - INFO - Prediction completed successfully.
2025-05-13 15:25:01,672 - INFO - Inference completed successfully.
2025-05-13 15:25:02,663 - INFO - Starting inference pipeline.
2025-05-13 15:25:02,669 - INFO - Data preprocessing completed.
2025-05-13 15:25:02,674 - INFO - Data scaling completed.
2025-05-13 15:25:02,674 - INFO - Starting prediction on data.
2025-05-13 15:25:02,677 - INFO - Prediction completed successfully.
2025-05-13 15:25:02,677 - INFO - Inference completed successfully.
2025-05-13 15:25:03,667 - INFO - Starting inference pipeline.
2025-05-13 15:25:03,684 - INFO - Data preprocessing completed.
2025-05-13 15:25:03,687 - INFO - Data scaling completed.
2025-05-13 15:25:03,687 - INFO - Starting prediction on data.
2025-05-13 15:25:03,691 - INFO - Prediction completed successfully.
2025-05-13 15:25:03,692 - INFO - Inference completed successfully.
2025-05-13 15:25:04,666 - INFO - Starting inference pipeline.
2025-05-13 15:25:04,685 - INFO - Data preprocessing completed.
2025-05-13 15:25:04,689 - INFO - Data scaling completed.
2025-05-13 15:25:04,690 - INFO - Starting prediction on data.
2025-05-13 15:25:04,694 - INFO - Prediction completed successfully.
2025-05-13 15:25:04,694 - INFO - Inference completed successfully.
2025-05-13 15:25:05,665 - INFO - Starting inference pipeline.
2025-05-13 15:25:05,677 - INFO - Data preprocessing completed.
2025-05-13 15:25:05,680 - INFO - Data scaling completed.
2025-05-13 15:25:05,680 - INFO - Starting prediction on data.
2025-05-13 15:25:05,681 - INFO - Prediction completed successfully.
2025-05-13 15:25:05,682 - INFO - Inference completed successfully.
2025-05-13 15:25:06,666 - INFO - Starting inference pipeline.
2025-05-13 15:25:06,681 - INFO - Data preprocessing completed.
2025-05-13 15:25:06,682 - INFO - Data scaling completed.
2025-05-13 15:25:06,683 - INFO - Starting prediction on data.
2025-05-13 15:25:06,683 - INFO - Prediction completed successfully.
2025-05-13 15:25:06,684 - INFO - Inference completed successfully.
2025-05-13 15:25:07,673 - INFO - Starting inference pipeline.
2025-05-13 15:25:07,700 - INFO - Data preprocessing completed.
2025-05-13 15:25:07,703 - INFO - Data scaling completed.
2025-05-13 15:25:07,703 - INFO - Starting prediction on data.
2025-05-13 15:25:07,707 - INFO - Prediction completed successfully.
2025-05-13 15:25:07,707 - INFO - Inference completed successfully.
2025-05-13 15:25:08,671 - INFO - Starting inference pipeline.
2025-05-13 15:25:08,704 - INFO - Data preprocessing completed.
2025-05-13 15:25:08,709 - INFO - Data scaling completed.
2025-05-13 15:25:08,709 - INFO - Starting prediction on data.
2025-05-13 15:25:08,713 - INFO - Prediction completed successfully.
2025-05-13 15:25:08,713 - INFO - Inference completed successfully.
2025-05-13 15:25:09,689 - INFO - Starting inference pipeline.
2025-05-13 15:25:09,715 - INFO - Data preprocessing completed.
2025-05-13 15:25:09,717 - INFO - Data scaling completed.
2025-05-13 15:25:09,717 - INFO - Starting prediction on data.
2025-05-13 15:25:09,718 - INFO - Prediction completed successfully.
2025-05-13 15:25:09,718 - INFO - Inference completed successfully.
2025-05-13 15:25:10,686 - INFO - Starting inference pipeline.
2025-05-13 15:25:10,769 - INFO - Data preprocessing completed.
2025-05-13 15:25:10,785 - INFO - Data scaling completed.
2025-05-13 15:25:10,786 - INFO - Starting prediction on data.
2025-05-13 15:25:10,794 - INFO - Prediction completed successfully.
2025-05-13 15:25:10,795 - INFO - Inference completed successfully.
2025-05-13 15:25:11,681 - INFO - Starting inference pipeline.
2025-05-13 15:25:11,687 - INFO - Data preprocessing completed.
2025-05-13 15:25:11,688 - INFO - Data scaling completed.
2025-05-13 15:25:11,688 - INFO - Starting prediction on data.
2025-05-13 15:25:11,693 - INFO - Prediction completed successfully.
2025-05-13 15:25:11,695 - INFO - Inference completed successfully.
2025-05-13 15:25:12,670 - INFO - Starting inference pipeline.
2025-05-13 15:25:12,688 - INFO - Data preprocessing completed.
2025-05-13 15:25:12,696 - INFO - Data scaling completed.
2025-05-13 15:25:12,696 - INFO - Starting prediction on data.
2025-05-13 15:25:12,698 - INFO - Prediction completed successfully.
2025-05-13 15:25:12,698 - INFO - Inference completed successfully.
2025-05-13 15:25:13,671 - INFO - Starting inference pipeline.
2025-05-13 15:25:13,685 - INFO - Data preprocessing completed.
2025-05-13 15:25:13,686 - INFO - Data scaling completed.
2025-05-13 15:25:13,686 - INFO - Starting prediction on data.
2025-05-13 15:25:13,687 - INFO - Prediction completed successfully.
2025-05-13 15:25:13,687 - INFO - Inference completed successfully.
2025-05-13 15:25:14,671 - INFO - Starting inference pipeline.
2025-05-13 15:25:14,685 - INFO - Data preprocessing completed.
2025-05-13 15:25:14,686 - INFO - Data scaling completed.
2025-05-13 15:25:14,687 - INFO - Starting prediction on data.
2025-05-13 15:25:14,688 - INFO - Prediction completed successfully.
2025-05-13 15:25:14,688 - INFO - Inference completed successfully.
2025-05-13 15:25:15,675 - INFO - Starting inference pipeline.
2025-05-13 15:25:15,696 - INFO - Data preprocessing completed.
2025-05-13 15:25:15,704 - INFO - Data scaling completed.
2025-05-13 15:25:15,704 - INFO - Starting prediction on data.
2025-05-13 15:25:15,712 - INFO - Prediction completed successfully.
2025-05-13 15:25:15,713 - INFO - Inference completed successfully.
2025-05-13 15:25:16,670 - INFO - Starting inference pipeline.
2025-05-13 15:25:16,682 - INFO - Data preprocessing completed.
2025-05-13 15:25:16,685 - INFO - Data scaling completed.
2025-05-13 15:25:16,685 - INFO - Starting prediction on data.
2025-05-13 15:25:16,689 - INFO - Prediction completed successfully.
2025-05-13 15:25:16,690 - INFO - Inference completed successfully.
2025-05-13 15:25:17,688 - INFO - Starting inference pipeline.
2025-05-13 15:25:17,756 - INFO - Data preprocessing completed.
2025-05-13 15:25:17,780 - INFO - Data scaling completed.
2025-05-13 15:25:17,781 - INFO - Starting prediction on data.
2025-05-13 15:25:17,789 - INFO - Prediction completed successfully.
2025-05-13 15:25:17,790 - INFO - Inference completed successfully.
2025-05-13 15:25:18,687 - INFO - Starting inference pipeline.
2025-05-13 15:25:18,705 - INFO - Data preprocessing completed.
2025-05-13 15:25:18,707 - INFO - Data scaling completed.
2025-05-13 15:25:18,707 - INFO - Starting prediction on data.
2025-05-13 15:25:18,712 - INFO - Prediction completed successfully.
2025-05-13 15:25:18,713 - INFO - Inference completed successfully.
2025-05-13 15:25:19,687 - INFO - Starting inference pipeline.
2025-05-13 15:25:19,705 - INFO - Data preprocessing completed.
2025-05-13 15:25:19,712 - INFO - Data scaling completed.
2025-05-13 15:25:19,713 - INFO - Starting prediction on data.
2025-05-13 15:25:19,716 - INFO - Prediction completed successfully.
2025-05-13 15:25:19,716 - INFO - Inference completed successfully.
2025-05-13 15:25:20,686 - INFO - Starting inference pipeline.
2025-05-13 15:25:20,700 - INFO - Data preprocessing completed.
2025-05-13 15:25:20,702 - INFO - Data scaling completed.
2025-05-13 15:25:20,703 - INFO - Starting prediction on data.
2025-05-13 15:25:20,704 - INFO - Prediction completed successfully.
2025-05-13 15:25:20,704 - INFO - Inference completed successfully.
2025-05-13 15:25:21,687 - INFO - Starting inference pipeline.
2025-05-13 15:25:21,702 - INFO - Data preprocessing completed.
2025-05-13 15:25:21,703 - INFO - Data scaling completed.
2025-05-13 15:25:21,703 - INFO - Starting prediction on data.
2025-05-13 15:25:21,704 - INFO - Prediction completed successfully.
2025-05-13 15:25:21,704 - INFO - Inference completed successfully.
2025-05-13 15:25:22,687 - INFO - Starting inference pipeline.
2025-05-13 15:25:22,702 - INFO - Data preprocessing completed.
2025-05-13 15:25:22,703 - INFO - Data scaling completed.
2025-05-13 15:25:22,703 - INFO - Starting prediction on data.
2025-05-13 15:25:22,704 - INFO - Prediction completed successfully.
2025-05-13 15:25:22,704 - INFO - Inference completed successfully.
2025-05-13 15:25:23,688 - INFO - Starting inference pipeline.
2025-05-13 15:25:23,702 - INFO - Data preprocessing completed.
2025-05-13 15:25:23,703 - INFO - Data scaling completed.
2025-05-13 15:25:23,703 - INFO - Starting prediction on data.
2025-05-13 15:25:23,704 - INFO - Prediction completed successfully.
2025-05-13 15:25:23,704 - INFO - Inference completed successfully.
2025-05-13 15:25:24,687 - INFO - Starting inference pipeline.
2025-05-13 15:25:24,691 - INFO - Data preprocessing completed.
2025-05-13 15:25:24,700 - INFO - Data scaling completed.
2025-05-13 15:25:24,701 - INFO - Starting prediction on data.
2025-05-13 15:25:24,703 - INFO - Prediction completed successfully.
2025-05-13 15:25:24,703 - INFO - Inference completed successfully.
2025-05-13 15:25:25,690 - INFO - Starting inference pipeline.
2025-05-13 15:25:25,705 - INFO - Data preprocessing completed.
2025-05-13 15:25:25,706 - INFO - Data scaling completed.
2025-05-13 15:25:25,706 - INFO - Starting prediction on data.
2025-05-13 15:25:25,707 - INFO - Prediction completed successfully.
2025-05-13 15:25:25,707 - INFO - Inference completed successfully.
2025-05-13 15:25:26,690 - INFO - Starting inference pipeline.
2025-05-13 15:25:26,704 - INFO - Data preprocessing completed.
2025-05-13 15:25:26,705 - INFO - Data scaling completed.
2025-05-13 15:25:26,705 - INFO - Starting prediction on data.
2025-05-13 15:25:26,706 - INFO - Prediction completed successfully.
2025-05-13 15:25:26,706 - INFO - Inference completed successfully.
2025-05-13 15:25:27,690 - INFO - Starting inference pipeline.
2025-05-13 15:25:27,705 - INFO - Data preprocessing completed.
2025-05-13 15:25:27,706 - INFO - Data scaling completed.
2025-05-13 15:25:27,706 - INFO - Starting prediction on data.
2025-05-13 15:25:27,707 - INFO - Prediction completed successfully.
2025-05-13 15:25:27,707 - INFO - Inference completed successfully.
2025-05-13 15:25:28,690 - INFO - Starting inference pipeline.
2025-05-13 15:25:28,705 - INFO - Data preprocessing completed.
2025-05-13 15:25:28,706 - INFO - Data scaling completed.
2025-05-13 15:25:28,706 - INFO - Starting prediction on data.
2025-05-13 15:25:28,707 - INFO - Prediction completed successfully.
2025-05-13 15:25:28,707 - INFO - Inference completed successfully.
2025-05-13 15:25:29,692 - INFO - Starting inference pipeline.
2025-05-13 15:25:29,707 - INFO - Data preprocessing completed.
2025-05-13 15:25:29,708 - INFO - Data scaling completed.
2025-05-13 15:25:29,708 - INFO - Starting prediction on data.
2025-05-13 15:25:29,709 - INFO - Prediction completed successfully.
2025-05-13 15:25:29,709 - INFO - Inference completed successfully.
2025-05-13 15:25:30,691 - INFO - Starting inference pipeline.
2025-05-13 15:25:30,707 - INFO - Data preprocessing completed.
2025-05-13 15:25:30,708 - INFO - Data scaling completed.
2025-05-13 15:25:30,708 - INFO - Starting prediction on data.
2025-05-13 15:25:30,709 - INFO - Prediction completed successfully.
2025-05-13 15:25:30,710 - INFO - Inference completed successfully.
2025-05-13 15:25:31,699 - INFO - Starting inference pipeline.
2025-05-13 15:25:31,708 - INFO - Data preprocessing completed.
2025-05-13 15:25:31,710 - INFO - Data scaling completed.
2025-05-13 15:25:31,710 - INFO - Starting prediction on data.
2025-05-13 15:25:31,714 - INFO - Prediction completed successfully.
2025-05-13 15:25:31,715 - INFO - Inference completed successfully.
2025-05-13 15:25:32,697 - INFO - Starting inference pipeline.
2025-05-13 15:25:32,710 - INFO - Data preprocessing completed.
2025-05-13 15:25:32,718 - INFO - Data scaling completed.
2025-05-13 15:25:32,718 - INFO - Starting prediction on data.
2025-05-13 15:25:32,719 - INFO - Prediction completed successfully.
2025-05-13 15:25:32,719 - INFO - Inference completed successfully.
2025-05-13 15:25:33,700 - INFO - Starting inference pipeline.
2025-05-13 15:25:33,709 - INFO - Data preprocessing completed.
2025-05-13 15:25:33,716 - INFO - Data scaling completed.
2025-05-13 15:25:33,716 - INFO - Starting prediction on data.
2025-05-13 15:25:33,719 - INFO - Prediction completed successfully.
2025-05-13 15:25:33,719 - INFO - Inference completed successfully.
2025-05-13 15:25:34,702 - INFO - Starting inference pipeline.
2025-05-13 15:25:34,724 - INFO - Data preprocessing completed.
2025-05-13 15:25:34,731 - INFO - Data scaling completed.
2025-05-13 15:25:34,732 - INFO - Starting prediction on data.
2025-05-13 15:25:34,735 - INFO - Prediction completed successfully.
2025-05-13 15:25:34,735 - INFO - Inference completed successfully.
2025-05-13 15:25:35,702 - INFO - Starting inference pipeline.
2025-05-13 15:25:35,710 - INFO - Data preprocessing completed.
2025-05-13 15:25:35,713 - INFO - Data scaling completed.
2025-05-13 15:25:35,714 - INFO - Starting prediction on data.
2025-05-13 15:25:35,717 - INFO - Prediction completed successfully.
2025-05-13 15:25:35,718 - INFO - Inference completed successfully.
2025-05-13 15:25:36,702 - INFO - Starting inference pipeline.
2025-05-13 15:25:36,709 - INFO - Data preprocessing completed.
2025-05-13 15:25:36,710 - INFO - Data scaling completed.
2025-05-13 15:25:36,710 - INFO - Starting prediction on data.
2025-05-13 15:25:36,711 - INFO - Prediction completed successfully.
2025-05-13 15:25:36,711 - INFO - Inference completed successfully.
2025-05-13 15:25:37,703 - INFO - Starting inference pipeline.
2025-05-13 15:25:37,724 - INFO - Data preprocessing completed.
2025-05-13 15:25:37,727 - INFO - Data scaling completed.
2025-05-13 15:25:37,727 - INFO - Starting prediction on data.
2025-05-13 15:25:37,733 - INFO - Prediction completed successfully.
2025-05-13 15:25:37,733 - INFO - Inference completed successfully.
2025-05-13 15:25:38,707 - INFO - Starting inference pipeline.
2025-05-13 15:25:38,711 - INFO - Data preprocessing completed.
2025-05-13 15:25:38,716 - INFO - Data scaling completed.
2025-05-13 15:25:38,717 - INFO - Starting prediction on data.
2025-05-13 15:25:38,720 - INFO - Prediction completed successfully.
2025-05-13 15:25:38,720 - INFO - Inference completed successfully.
2025-05-13 15:25:39,706 - INFO - Starting inference pipeline.
2025-05-13 15:25:39,722 - INFO - Data preprocessing completed.
2025-05-13 15:25:39,724 - INFO - Data scaling completed.
2025-05-13 15:25:39,724 - INFO - Starting prediction on data.
2025-05-13 15:25:39,726 - INFO - Prediction completed successfully.
2025-05-13 15:25:39,726 - INFO - Inference completed successfully.
2025-05-13 15:25:40,706 - INFO - Starting inference pipeline.
2025-05-13 15:25:40,718 - INFO - Data preprocessing completed.
2025-05-13 15:25:40,720 - INFO - Data scaling completed.
2025-05-13 15:25:40,720 - INFO - Starting prediction on data.
2025-05-13 15:25:40,722 - INFO - Prediction completed successfully.
2025-05-13 15:25:40,722 - INFO - Inference completed successfully.
2025-05-13 15:25:41,707 - INFO - Starting inference pipeline.
2025-05-13 15:25:41,719 - INFO - Data preprocessing completed.
2025-05-13 15:25:41,722 - INFO - Data scaling completed.
2025-05-13 15:25:41,722 - INFO - Starting prediction on data.
2025-05-13 15:25:41,723 - INFO - Prediction completed successfully.
2025-05-13 15:25:41,723 - INFO - Inference completed successfully.
2025-05-13 15:25:42,704 - INFO - Starting inference pipeline.
2025-05-13 15:25:42,711 - INFO - Data preprocessing completed.
2025-05-13 15:25:42,716 - INFO - Data scaling completed.
2025-05-13 15:25:42,717 - INFO - Starting prediction on data.
2025-05-13 15:25:42,718 - INFO - Prediction completed successfully.
2025-05-13 15:25:42,718 - INFO - Inference completed successfully.
2025-05-13 15:25:43,706 - INFO - Starting inference pipeline.
2025-05-13 15:25:43,710 - INFO - Data preprocessing completed.
2025-05-13 15:25:43,711 - INFO - Data scaling completed.
2025-05-13 15:25:43,711 - INFO - Starting prediction on data.
2025-05-13 15:25:43,712 - INFO - Prediction completed successfully.
2025-05-13 15:25:43,713 - INFO - Inference completed successfully.
2025-05-13 15:25:44,709 - INFO - Starting inference pipeline.
2025-05-13 15:25:44,729 - INFO - Data preprocessing completed.
2025-05-13 15:25:44,736 - INFO - Data scaling completed.
2025-05-13 15:25:44,738 - INFO - Starting prediction on data.
2025-05-13 15:25:44,744 - INFO - Prediction completed successfully.
2025-05-13 15:25:44,744 - INFO - Inference completed successfully.
2025-05-13 15:25:45,709 - INFO - Starting inference pipeline.
2025-05-13 15:25:45,723 - INFO - Data preprocessing completed.
2025-05-13 15:25:45,724 - INFO - Data scaling completed.
2025-05-13 15:25:45,724 - INFO - Starting prediction on data.
2025-05-13 15:25:45,725 - INFO - Prediction completed successfully.
2025-05-13 15:25:45,726 - INFO - Inference completed successfully.
2025-05-13 15:25:46,710 - INFO - Starting inference pipeline.
2025-05-13 15:25:46,724 - INFO - Data preprocessing completed.
2025-05-13 15:25:46,725 - INFO - Data scaling completed.
2025-05-13 15:25:46,725 - INFO - Starting prediction on data.
2025-05-13 15:25:46,726 - INFO - Prediction completed successfully.
2025-05-13 15:25:46,726 - INFO - Inference completed successfully.
2025-05-13 15:25:47,711 - INFO - Starting inference pipeline.
2025-05-13 15:25:47,725 - INFO - Data preprocessing completed.
2025-05-13 15:25:47,726 - INFO - Data scaling completed.
2025-05-13 15:25:47,726 - INFO - Starting prediction on data.
2025-05-13 15:25:47,727 - INFO - Prediction completed successfully.
2025-05-13 15:25:47,727 - INFO - Inference completed successfully.
2025-05-13 15:25:48,709 - INFO - Starting inference pipeline.
2025-05-13 15:25:48,713 - INFO - Data preprocessing completed.
2025-05-13 15:25:48,719 - INFO - Data scaling completed.
2025-05-13 15:25:48,719 - INFO - Starting prediction on data.
2025-05-13 15:25:48,721 - INFO - Prediction completed successfully.
2025-05-13 15:25:48,721 - INFO - Inference completed successfully.
2025-05-13 15:25:49,709 - INFO - Starting inference pipeline.
2025-05-13 15:25:49,720 - INFO - Data preprocessing completed.
2025-05-13 15:25:49,722 - INFO - Data scaling completed.
2025-05-13 15:25:49,722 - INFO - Starting prediction on data.
2025-05-13 15:25:49,724 - INFO - Prediction completed successfully.
2025-05-13 15:25:49,724 - INFO - Inference completed successfully.
2025-05-13 15:25:50,709 - INFO - Starting inference pipeline.
2025-05-13 15:25:50,720 - INFO - Data preprocessing completed.
2025-05-13 15:25:50,722 - INFO - Data scaling completed.
2025-05-13 15:25:50,723 - INFO - Starting prediction on data.
2025-05-13 15:25:50,725 - INFO - Prediction completed successfully.
2025-05-13 15:25:50,725 - INFO - Inference completed successfully.
2025-05-13 15:25:51,711 - INFO - Starting inference pipeline.
2025-05-13 15:25:51,721 - INFO - Data preprocessing completed.
2025-05-13 15:25:51,722 - INFO - Data scaling completed.
2025-05-13 15:25:51,723 - INFO - Starting prediction on data.
2025-05-13 15:25:51,724 - INFO - Prediction completed successfully.
2025-05-13 15:25:51,724 - INFO - Inference completed successfully.
2025-05-13 15:25:52,710 - INFO - Starting inference pipeline.
2025-05-13 15:25:52,719 - INFO - Data preprocessing completed.
2025-05-13 15:25:52,721 - INFO - Data scaling completed.
2025-05-13 15:25:52,722 - INFO - Starting prediction on data.
2025-05-13 15:25:52,724 - INFO - Prediction completed successfully.
2025-05-13 15:25:52,724 - INFO - Inference completed successfully.
2025-05-13 15:25:53,713 - INFO - Starting inference pipeline.
2025-05-13 15:25:53,727 - INFO - Data preprocessing completed.
2025-05-13 15:25:53,728 - INFO - Data scaling completed.
2025-05-13 15:25:53,728 - INFO - Starting prediction on data.
2025-05-13 15:25:53,729 - INFO - Prediction completed successfully.
2025-05-13 15:25:53,729 - INFO - Inference completed successfully.
2025-05-13 15:25:54,716 - INFO - Starting inference pipeline.
2025-05-13 15:25:54,740 - INFO - Data preprocessing completed.
2025-05-13 15:25:54,742 - INFO - Data scaling completed.
2025-05-13 15:25:54,743 - INFO - Starting prediction on data.
2025-05-13 15:25:54,747 - INFO - Prediction completed successfully.
2025-05-13 15:25:54,747 - INFO - Inference completed successfully.
2025-05-13 15:25:55,712 - INFO - Starting inference pipeline.
2025-05-13 15:25:55,722 - INFO - Data preprocessing completed.
2025-05-13 15:25:55,724 - INFO - Data scaling completed.
2025-05-13 15:25:55,725 - INFO - Starting prediction on data.
2025-05-13 15:25:55,726 - INFO - Prediction completed successfully.
2025-05-13 15:25:55,726 - INFO - Inference completed successfully.
2025-05-13 15:25:56,715 - INFO - Starting inference pipeline.
2025-05-13 15:25:56,728 - INFO - Data preprocessing completed.
2025-05-13 15:25:56,730 - INFO - Data scaling completed.
2025-05-13 15:25:56,730 - INFO - Starting prediction on data.
2025-05-13 15:25:56,731 - INFO - Prediction completed successfully.
2025-05-13 15:25:56,731 - INFO - Inference completed successfully.
2025-05-13 15:25:57,714 - INFO - Starting inference pipeline.
2025-05-13 15:25:57,726 - INFO - Data preprocessing completed.
2025-05-13 15:25:57,727 - INFO - Data scaling completed.
2025-05-13 15:25:57,727 - INFO - Starting prediction on data.
2025-05-13 15:25:57,728 - INFO - Prediction completed successfully.
2025-05-13 15:25:57,728 - INFO - Inference completed successfully.
2025-05-13 15:25:58,721 - INFO - Starting inference pipeline.
2025-05-13 15:25:58,731 - INFO - Data preprocessing completed.
2025-05-13 15:25:58,732 - INFO - Data scaling completed.
2025-05-13 15:25:58,733 - INFO - Starting prediction on data.
2025-05-13 15:25:58,738 - INFO - Prediction completed successfully.
2025-05-13 15:25:58,738 - INFO - Inference completed successfully.
2025-05-13 15:25:59,719 - INFO - Starting inference pipeline.
2025-05-13 15:25:59,724 - INFO - Data preprocessing completed.
2025-05-13 15:25:59,726 - INFO - Data scaling completed.
2025-05-13 15:25:59,726 - INFO - Starting prediction on data.
2025-05-13 15:25:59,728 - INFO - Prediction completed successfully.
2025-05-13 15:25:59,728 - INFO - Inference completed successfully.
2025-05-13 15:26:00,720 - INFO - Starting inference pipeline.
2025-05-13 15:26:00,726 - INFO - Data preprocessing completed.
2025-05-13 15:26:00,728 - INFO - Data scaling completed.
2025-05-13 15:26:00,728 - INFO - Starting prediction on data.
2025-05-13 15:26:00,729 - INFO - Prediction completed successfully.
2025-05-13 15:26:00,729 - INFO - Inference completed successfully.
2025-05-13 15:26:01,726 - INFO - Starting inference pipeline.
2025-05-13 15:26:01,731 - INFO - Data preprocessing completed.
2025-05-13 15:26:01,733 - INFO - Data scaling completed.
2025-05-13 15:26:01,733 - INFO - Starting prediction on data.
2025-05-13 15:26:01,738 - INFO - Prediction completed successfully.
2025-05-13 15:26:01,738 - INFO - Inference completed successfully.
2025-05-13 15:26:02,725 - INFO - Starting inference pipeline.
2025-05-13 15:26:02,736 - INFO - Data preprocessing completed.
2025-05-13 15:26:02,740 - INFO - Data scaling completed.
2025-05-13 15:26:02,740 - INFO - Starting prediction on data.
2025-05-13 15:26:02,742 - INFO - Prediction completed successfully.
2025-05-13 15:26:02,742 - INFO - Inference completed successfully.
2025-05-13 15:26:03,726 - INFO - Starting inference pipeline.
2025-05-13 15:26:03,737 - INFO - Data preprocessing completed.
2025-05-13 15:26:03,740 - INFO - Data scaling completed.
2025-05-13 15:26:03,740 - INFO - Starting prediction on data.
2025-05-13 15:26:03,741 - INFO - Prediction completed successfully.
2025-05-13 15:26:03,742 - INFO - Inference completed successfully.
2025-05-13 15:26:04,727 - INFO - Starting inference pipeline.
2025-05-13 15:26:04,734 - INFO - Data preprocessing completed.
2025-05-13 15:26:04,739 - INFO - Data scaling completed.
2025-05-13 15:26:04,740 - INFO - Starting prediction on data.
2025-05-13 15:26:04,741 - INFO - Prediction completed successfully.
2025-05-13 15:26:04,741 - INFO - Inference completed successfully.
2025-05-13 15:26:05,728 - INFO - Starting inference pipeline.
2025-05-13 15:26:05,732 - INFO - Data preprocessing completed.
2025-05-13 15:26:05,733 - INFO - Data scaling completed.
2025-05-13 15:26:05,733 - INFO - Starting prediction on data.
2025-05-13 15:26:05,736 - INFO - Prediction completed successfully.
2025-05-13 15:26:05,737 - INFO - Inference completed successfully.
2025-05-13 15:26:06,728 - INFO - Starting inference pipeline.
2025-05-13 15:26:06,741 - INFO - Data preprocessing completed.
2025-05-13 15:26:06,742 - INFO - Data scaling completed.
2025-05-13 15:26:06,742 - INFO - Starting prediction on data.
2025-05-13 15:26:06,743 - INFO - Prediction completed successfully.
2025-05-13 15:26:06,743 - INFO - Inference completed successfully.
2025-05-13 16:07:23,372 - INFO - Starting prediction on data.
2025-05-13 16:07:23,454 - INFO - Prediction completed successfully.
2025-05-13 16:09:32,010 - INFO - Starting prediction on data.
2025-05-13 16:09:32,092 - INFO - Prediction completed successfully.
2025-05-13 16:11:35,259 - INFO - Starting prediction on data.
2025-05-13 16:11:35,340 - INFO - Prediction completed successfully.
2025-05-13 16:11:37,251 - INFO - Starting inference pipeline.
2025-05-13 16:11:37,256 - INFO - Data preprocessing completed.
2025-05-13 16:11:37,257 - INFO - Data scaling completed.
2025-05-13 16:11:37,257 - INFO - Starting prediction on data.
2025-05-13 16:11:37,262 - INFO - Prediction completed successfully.
2025-05-13 16:11:37,262 - INFO - Inference completed successfully.
2025-05-13 16:13:54,105 - INFO - Starting prediction on data.
2025-05-13 16:13:54,187 - INFO - Prediction completed successfully.
2025-05-13 16:13:56,069 - INFO - Starting inference pipeline.
2025-05-13 16:13:56,074 - INFO - Data preprocessing completed.
2025-05-13 16:13:56,075 - INFO - Data scaling completed.
2025-05-13 16:13:56,075 - INFO - Starting prediction on data.
2025-05-13 16:13:56,080 - INFO - Prediction completed successfully.
2025-05-13 16:13:56,080 - INFO - Inference completed successfully.
2025-05-13 16:14:09,760 - INFO - Starting prediction on data.
2025-05-13 16:14:09,842 - INFO - Prediction completed successfully.
2025-05-13 16:14:11,728 - INFO - Starting inference pipeline.
2025-05-13 16:14:11,733 - INFO - Data preprocessing completed.
2025-05-13 16:14:11,734 - INFO - Data scaling completed.
2025-05-13 16:14:11,734 - INFO - Starting prediction on data.
2025-05-13 16:14:11,739 - INFO - Prediction completed successfully.
2025-05-13 16:14:11,739 - INFO - Inference completed successfully.
2025-05-13 16:16:07,650 - INFO - Starting inference pipeline.
2025-05-13 16:16:07,655 - INFO - Data preprocessing completed.
2025-05-13 16:16:07,656 - INFO - Data scaling completed.
2025-05-13 16:16:07,656 - INFO - Starting prediction on data.
2025-05-13 16:16:07,664 - INFO - Prediction completed successfully.
2025-05-13 16:16:07,665 - INFO - Inference completed successfully.
2025-05-13 16:20:01,470 - INFO - Starting inference pipeline.
2025-05-13 16:20:01,477 - INFO - Data preprocessing completed.
2025-05-13 16:20:01,479 - INFO - Data scaling completed.
2025-05-13 16:20:01,479 - INFO - Starting prediction on data.
2025-05-13 16:20:01,480 - INFO - Prediction completed successfully.
2025-05-13 16:20:01,480 - INFO - Inference completed successfully.
2025-05-13 16:25:03,832 - INFO - Starting inference pipeline.
2025-05-13 16:25:03,840 - INFO - Data preprocessing completed.
2025-05-13 16:25:03,842 - INFO - Data scaling completed.
2025-05-13 16:25:03,842 - INFO - Starting prediction on data.
2025-05-13 16:25:03,843 - INFO - Prediction completed successfully.
2025-05-13 16:25:03,843 - INFO - Inference completed successfully.
2025-05-13 16:27:30,585 - INFO - Starting inference pipeline.
2025-05-13 16:27:30,589 - INFO - Data preprocessing completed.
2025-05-13 16:27:30,590 - INFO - Data scaling completed.
2025-05-13 16:27:30,590 - INFO - Starting prediction on data.
2025-05-13 16:27:30,591 - INFO - Prediction completed successfully.
2025-05-13 16:27:30,591 - INFO - Inference completed successfully.
2025-05-13 16:28:05,631 - INFO - Starting inference pipeline.
2025-05-13 16:28:05,636 - INFO - Data preprocessing completed.
2025-05-13 16:28:05,638 - INFO - Data scaling completed.
2025-05-13 16:28:05,638 - INFO - Starting prediction on data.
2025-05-13 16:28:05,639 - INFO - Prediction completed successfully.
2025-05-13 16:28:05,639 - INFO - Inference completed successfully.
2025-05-13 16:28:18,896 - INFO - Starting inference pipeline.
2025-05-13 16:28:18,900 - INFO - Data preprocessing completed.
2025-05-13 16:28:18,901 - INFO - Data scaling completed.
2025-05-13 16:28:18,901 - INFO - Starting prediction on data.
2025-05-13 16:28:18,902 - INFO - Prediction completed successfully.
2025-05-13 16:28:18,902 - INFO - Inference completed successfully.
2025-05-13 16:31:42,760 - INFO - Starting inference pipeline.
2025-05-13 16:31:42,772 - INFO - Data preprocessing completed.
2025-05-13 16:31:42,773 - INFO - Data scaling completed.
2025-05-13 16:31:42,773 - INFO - Starting prediction on data.
2025-05-13 16:31:42,774 - INFO - Prediction completed successfully.
2025-05-13 16:31:42,774 - INFO - Inference completed successfully.
2025-05-13 16:32:33,935 - INFO - Starting inference pipeline.
2025-05-13 16:32:33,945 - INFO - Data preprocessing completed.
2025-05-13 16:32:33,946 - INFO - Data scaling completed.
2025-05-13 16:32:33,946 - INFO - Starting prediction on data.
2025-05-13 16:32:33,947 - INFO - Prediction completed successfully.
2025-05-13 16:32:33,948 - INFO - Inference completed successfully.
2025-05-13 16:33:17,358 - INFO - Starting inference pipeline.
2025-05-13 16:33:17,362 - INFO - Data preprocessing completed.
2025-05-13 16:33:17,363 - INFO - Data scaling completed.
2025-05-13 16:33:17,363 - INFO - Starting prediction on data.
2025-05-13 16:33:17,364 - INFO - Prediction completed successfully.
2025-05-13 16:33:17,364 - INFO - Inference completed successfully.
2025-05-13 16:34:08,510 - INFO - Starting inference pipeline.
2025-05-13 16:34:08,520 - INFO - Data preprocessing completed.
2025-05-13 16:34:08,521 - INFO - Data scaling completed.
2025-05-13 16:34:08,521 - INFO - Starting prediction on data.
2025-05-13 16:34:08,522 - INFO - Prediction completed successfully.
2025-05-13 16:34:08,522 - INFO - Inference completed successfully.
2025-05-13 16:36:24,239 - INFO - Starting inference pipeline.
2025-05-13 16:36:24,244 - INFO - Data preprocessing completed.
2025-05-13 16:36:24,247 - INFO - Data scaling completed.
2025-05-13 16:36:24,247 - INFO - Starting prediction on data.
2025-05-13 16:36:24,249 - INFO - Prediction completed successfully.
2025-05-13 16:36:24,249 - INFO - Inference completed successfully.
2025-05-13 16:37:27,179 - INFO - Starting inference pipeline.
2025-05-13 16:37:27,183 - INFO - Data preprocessing completed.
2025-05-13 16:37:27,184 - INFO - Data scaling completed.
2025-05-13 16:37:27,184 - INFO - Starting prediction on data.
2025-05-13 16:37:27,185 - INFO - Prediction completed successfully.
2025-05-13 16:37:27,185 - INFO - Inference completed successfully.
2025-05-13 17:22:28,080 - INFO - Starting inference pipeline.
2025-05-13 17:22:28,088 - INFO - Data preprocessing completed.
2025-05-13 17:22:28,091 - INFO - Data scaling completed.
2025-05-13 17:22:28,091 - INFO - Starting prediction on data.
2025-05-13 17:22:28,097 - INFO - Prediction completed successfully.
2025-05-13 17:22:28,097 - INFO - Inference completed successfully.
2025-05-13 17:37:14,296 - INFO - Starting inference pipeline.
2025-05-13 17:37:14,304 - INFO - Data preprocessing completed.
2025-05-13 17:37:14,307 - INFO - Data scaling completed.
2025-05-13 17:37:14,307 - INFO - Starting prediction on data.
2025-05-13 17:37:14,314 - INFO - Prediction completed successfully.
2025-05-13 17:37:14,315 - INFO - Inference completed successfully.
2025-05-22 18:07:06,178 - INFO - Starting prediction on data.
2025-05-22 18:07:06,212 - INFO - Prediction completed successfully.
2025-05-22 18:11:32,619 - INFO - Starting prediction on data.
2025-05-22 18:11:32,699 - INFO - Prediction completed successfully.
2025-05-22 18:17:25,102 - INFO - Starting prediction on data.
2025-05-22 18:17:25,184 - INFO - Prediction completed successfully.
2025-05-22 18:26:32,938 - INFO - Starting prediction on data.
2025-05-22 18:26:33,020 - INFO - Prediction completed successfully.
2025-05-22 18:36:19,222 - INFO - Starting prediction on data.
2025-05-22 18:36:19,303 - INFO - Prediction completed successfully.
2025-05-22 18:50:36,586 - INFO - Starting prediction on data.
2025-05-22 18:50:36,667 - INFO - Prediction completed successfully.
2025-05-23 18:38:14,973 - INFO - Starting prediction on data.
2025-05-23 18:38:15,056 - INFO - Prediction completed successfully.
2025-05-23 18:38:17,178 - INFO - Starting inference pipeline.
2025-05-23 18:38:17,183 - INFO - Data preprocessing completed.
2025-05-23 18:38:17,184 - INFO - Data scaling completed.
2025-05-23 18:38:17,184 - INFO - Starting prediction on data.
2025-05-23 18:38:17,189 - INFO - Prediction completed successfully.
2025-05-23 18:38:17,189 - INFO - Inference completed successfully.
2025-05-23 18:41:00,503 - INFO - Starting prediction on data.
2025-05-23 18:41:00,583 - INFO - Prediction completed successfully.
2025-05-23 18:41:02,572 - INFO - Starting inference pipeline.
2025-05-23 18:41:02,576 - INFO - Data preprocessing completed.
2025-05-23 18:41:02,577 - INFO - Data scaling completed.
2025-05-23 18:41:02,577 - INFO - Starting prediction on data.
2025-05-23 18:41:02,582 - INFO - Prediction completed successfully.
2025-05-23 18:41:02,583 - INFO - Inference completed successfully.
